<?xml version="1.0" encoding="UTF-8"?>
<testsuite xmlns:xsi="http://www.w3.org/2001/XMLSchema-instance" xsi:noNamespaceSchemaLocation="https://maven.apache.org/surefire/maven-surefire-plugin/xsd/surefire-test-report.xsd" name="TestSuite" time="39.652" tests="2" errors="0" skipped="0" failures="1">
  <properties>
    <property name="sun.desktop" value="windows"/>
    <property name="awt.toolkit" value="sun.awt.windows.WToolkit"/>
    <property name="file.encoding.pkg" value="sun.io"/>
    <property name="java.specification.version" value="1.8"/>
    <property name="sun.cpu.isalist" value="amd64"/>
    <property name="sun.jnu.encoding" value="Cp1252"/>
    <property name="java.class.path" value="C:\Users\vikrant.ambekar\eclipse-workspace\AppiumLatest\target\test-classes;C:\Users\vikrant.ambekar\eclipse-workspace\AppiumLatest\target\classes;C:\Users\vikrant.ambekar\.m2\repository\junit\junit\4.13.1\junit-4.13.1.jar;C:\Users\vikrant.ambekar\.m2\repository\org\hamcrest\hamcrest-core\1.3\hamcrest-core-1.3.jar;C:\Users\vikrant.ambekar\.m2\repository\io\appium\java-client\7.6.0\java-client-7.6.0.jar;C:\Users\vikrant.ambekar\.m2\repository\org\seleniumhq\selenium\selenium-support\3.141.59\selenium-support-3.141.59.jar;C:\Users\vikrant.ambekar\.m2\repository\org\seleniumhq\selenium\selenium-api\3.141.59\selenium-api-3.141.59.jar;C:\Users\vikrant.ambekar\.m2\repository\com\google\code\gson\gson\2.8.8\gson-2.8.8.jar;C:\Users\vikrant.ambekar\.m2\repository\org\apache\httpcomponents\httpclient\4.5.13\httpclient-4.5.13.jar;C:\Users\vikrant.ambekar\.m2\repository\org\apache\httpcomponents\httpcore\4.4.13\httpcore-4.4.13.jar;C:\Users\vikrant.ambekar\.m2\repository\commons-logging\commons-logging\1.2\commons-logging-1.2.jar;C:\Users\vikrant.ambekar\.m2\repository\commons-codec\commons-codec\1.11\commons-codec-1.11.jar;C:\Users\vikrant.ambekar\.m2\repository\cglib\cglib\3.3.0\cglib-3.3.0.jar;C:\Users\vikrant.ambekar\.m2\repository\org\ow2\asm\asm\7.1\asm-7.1.jar;C:\Users\vikrant.ambekar\.m2\repository\commons-validator\commons-validator\1.7\commons-validator-1.7.jar;C:\Users\vikrant.ambekar\.m2\repository\commons-beanutils\commons-beanutils\1.9.4\commons-beanutils-1.9.4.jar;C:\Users\vikrant.ambekar\.m2\repository\commons-digester\commons-digester\2.1\commons-digester-2.1.jar;C:\Users\vikrant.ambekar\.m2\repository\commons-collections\commons-collections\3.2.2\commons-collections-3.2.2.jar;C:\Users\vikrant.ambekar\.m2\repository\org\apache\commons\commons-lang3\3.12.0\commons-lang3-3.12.0.jar;C:\Users\vikrant.ambekar\.m2\repository\commons-io\commons-io\2.11.0\commons-io-2.11.0.jar;C:\Users\vikrant.ambekar\.m2\repository\org\springframework\spring-context\5.3.10\spring-context-5.3.10.jar;C:\Users\vikrant.ambekar\.m2\repository\org\springframework\spring-aop\5.3.10\spring-aop-5.3.10.jar;C:\Users\vikrant.ambekar\.m2\repository\org\springframework\spring-beans\5.3.10\spring-beans-5.3.10.jar;C:\Users\vikrant.ambekar\.m2\repository\org\springframework\spring-core\5.3.10\spring-core-5.3.10.jar;C:\Users\vikrant.ambekar\.m2\repository\org\springframework\spring-jcl\5.3.10\spring-jcl-5.3.10.jar;C:\Users\vikrant.ambekar\.m2\repository\org\springframework\spring-expression\5.3.10\spring-expression-5.3.10.jar;C:\Users\vikrant.ambekar\.m2\repository\org\aspectj\aspectjweaver\1.9.7\aspectjweaver-1.9.7.jar;C:\Users\vikrant.ambekar\.m2\repository\org\slf4j\slf4j-api\1.7.32\slf4j-api-1.7.32.jar;C:\Users\vikrant.ambekar\.m2\repository\log4j\log4j\1.2.17\log4j-1.2.17.jar;C:\Users\vikrant.ambekar\.m2\repository\org\apache\logging\log4j\log4j-api\2.16.0\log4j-api-2.16.0.jar;C:\Users\vikrant.ambekar\.m2\repository\org\apache\logging\log4j\log4j-core\2.16.0\log4j-core-2.16.0.jar;C:\Users\vikrant.ambekar\.m2\repository\org\seleniumhq\selenium\selenium-java\3.141.59\selenium-java-3.141.59.jar;C:\Users\vikrant.ambekar\.m2\repository\org\seleniumhq\selenium\selenium-chrome-driver\3.141.59\selenium-chrome-driver-3.141.59.jar;C:\Users\vikrant.ambekar\.m2\repository\org\seleniumhq\selenium\selenium-edge-driver\3.141.59\selenium-edge-driver-3.141.59.jar;C:\Users\vikrant.ambekar\.m2\repository\org\seleniumhq\selenium\selenium-firefox-driver\3.141.59\selenium-firefox-driver-3.141.59.jar;C:\Users\vikrant.ambekar\.m2\repository\org\seleniumhq\selenium\selenium-ie-driver\3.141.59\selenium-ie-driver-3.141.59.jar;C:\Users\vikrant.ambekar\.m2\repository\org\seleniumhq\selenium\selenium-opera-driver\3.141.59\selenium-opera-driver-3.141.59.jar;C:\Users\vikrant.ambekar\.m2\repository\org\seleniumhq\selenium\selenium-remote-driver\3.141.59\selenium-remote-driver-3.141.59.jar;C:\Users\vikrant.ambekar\.m2\repository\org\seleniumhq\selenium\selenium-safari-driver\3.141.59\selenium-safari-driver-3.141.59.jar;C:\Users\vikrant.ambekar\.m2\repository\net\bytebuddy\byte-buddy\1.8.15\byte-buddy-1.8.15.jar;C:\Users\vikrant.ambekar\.m2\repository\org\apache\commons\commons-exec\1.3\commons-exec-1.3.jar;C:\Users\vikrant.ambekar\.m2\repository\com\google\guava\guava\25.0-jre\guava-25.0-jre.jar;C:\Users\vikrant.ambekar\.m2\repository\com\google\code\findbugs\jsr305\1.3.9\jsr305-1.3.9.jar;C:\Users\vikrant.ambekar\.m2\repository\org\checkerframework\checker-compat-qual\2.0.0\checker-compat-qual-2.0.0.jar;C:\Users\vikrant.ambekar\.m2\repository\com\google\errorprone\error_prone_annotations\2.1.3\error_prone_annotations-2.1.3.jar;C:\Users\vikrant.ambekar\.m2\repository\com\google\j2objc\j2objc-annotations\1.1\j2objc-annotations-1.1.jar;C:\Users\vikrant.ambekar\.m2\repository\org\codehaus\mojo\animal-sniffer-annotations\1.14\animal-sniffer-annotations-1.14.jar;C:\Users\vikrant.ambekar\.m2\repository\com\squareup\okhttp3\okhttp\3.11.0\okhttp-3.11.0.jar;C:\Users\vikrant.ambekar\.m2\repository\com\squareup\okio\okio\1.14.0\okio-1.14.0.jar;C:\Users\vikrant.ambekar\.m2\repository\org\testng\testng\7.4.0\testng-7.4.0.jar;C:\Users\vikrant.ambekar\.m2\repository\com\beust\jcommander\1.78\jcommander-1.78.jar;C:\Users\vikrant.ambekar\.m2\repository\org\webjars\jquery\3.5.1\jquery-3.5.1.jar;"/>
    <property name="java.vm.vendor" value="Oracle Corporation"/>
    <property name="sun.arch.data.model" value="64"/>
    <property name="user.variant" value=""/>
    <property name="java.vendor.url" value="http://java.oracle.com/"/>
    <property name="user.timezone" value="Asia/Calcutta"/>
    <property name="java.vm.specification.version" value="1.8"/>
    <property name="os.name" value="Windows 10"/>
    <property name="user.country" value="IN"/>
    <property name="sun.java.launcher" value="SUN_STANDARD"/>
    <property name="sun.boot.library.path" value="C:\Program Files\Java\jdk1.8.0_301\jre\bin"/>
    <property name="sun.java.command" value="C:\Users\VIKRAN~1.AMB\AppData\Local\Temp\surefire6920078218050627800\surefirebooter9060305435794841438.jar C:\Users\vikrant.ambekar\AppData\Local\Temp\surefire6920078218050627800 2022-03-22T14-55-45_486-jvmRun1 surefire1417937470249018037tmp surefire_02758413530578301235tmp"/>
    <property name="surefire.test.class.path" value="C:\Users\vikrant.ambekar\eclipse-workspace\AppiumLatest\target\test-classes;C:\Users\vikrant.ambekar\eclipse-workspace\AppiumLatest\target\classes;C:\Users\vikrant.ambekar\.m2\repository\junit\junit\4.13.1\junit-4.13.1.jar;C:\Users\vikrant.ambekar\.m2\repository\org\hamcrest\hamcrest-core\1.3\hamcrest-core-1.3.jar;C:\Users\vikrant.ambekar\.m2\repository\io\appium\java-client\7.6.0\java-client-7.6.0.jar;C:\Users\vikrant.ambekar\.m2\repository\org\seleniumhq\selenium\selenium-support\3.141.59\selenium-support-3.141.59.jar;C:\Users\vikrant.ambekar\.m2\repository\org\seleniumhq\selenium\selenium-api\3.141.59\selenium-api-3.141.59.jar;C:\Users\vikrant.ambekar\.m2\repository\com\google\code\gson\gson\2.8.8\gson-2.8.8.jar;C:\Users\vikrant.ambekar\.m2\repository\org\apache\httpcomponents\httpclient\4.5.13\httpclient-4.5.13.jar;C:\Users\vikrant.ambekar\.m2\repository\org\apache\httpcomponents\httpcore\4.4.13\httpcore-4.4.13.jar;C:\Users\vikrant.ambekar\.m2\repository\commons-logging\commons-logging\1.2\commons-logging-1.2.jar;C:\Users\vikrant.ambekar\.m2\repository\commons-codec\commons-codec\1.11\commons-codec-1.11.jar;C:\Users\vikrant.ambekar\.m2\repository\cglib\cglib\3.3.0\cglib-3.3.0.jar;C:\Users\vikrant.ambekar\.m2\repository\org\ow2\asm\asm\7.1\asm-7.1.jar;C:\Users\vikrant.ambekar\.m2\repository\commons-validator\commons-validator\1.7\commons-validator-1.7.jar;C:\Users\vikrant.ambekar\.m2\repository\commons-beanutils\commons-beanutils\1.9.4\commons-beanutils-1.9.4.jar;C:\Users\vikrant.ambekar\.m2\repository\commons-digester\commons-digester\2.1\commons-digester-2.1.jar;C:\Users\vikrant.ambekar\.m2\repository\commons-collections\commons-collections\3.2.2\commons-collections-3.2.2.jar;C:\Users\vikrant.ambekar\.m2\repository\org\apache\commons\commons-lang3\3.12.0\commons-lang3-3.12.0.jar;C:\Users\vikrant.ambekar\.m2\repository\commons-io\commons-io\2.11.0\commons-io-2.11.0.jar;C:\Users\vikrant.ambekar\.m2\repository\org\springframework\spring-context\5.3.10\spring-context-5.3.10.jar;C:\Users\vikrant.ambekar\.m2\repository\org\springframework\spring-aop\5.3.10\spring-aop-5.3.10.jar;C:\Users\vikrant.ambekar\.m2\repository\org\springframework\spring-beans\5.3.10\spring-beans-5.3.10.jar;C:\Users\vikrant.ambekar\.m2\repository\org\springframework\spring-core\5.3.10\spring-core-5.3.10.jar;C:\Users\vikrant.ambekar\.m2\repository\org\springframework\spring-jcl\5.3.10\spring-jcl-5.3.10.jar;C:\Users\vikrant.ambekar\.m2\repository\org\springframework\spring-expression\5.3.10\spring-expression-5.3.10.jar;C:\Users\vikrant.ambekar\.m2\repository\org\aspectj\aspectjweaver\1.9.7\aspectjweaver-1.9.7.jar;C:\Users\vikrant.ambekar\.m2\repository\org\slf4j\slf4j-api\1.7.32\slf4j-api-1.7.32.jar;C:\Users\vikrant.ambekar\.m2\repository\log4j\log4j\1.2.17\log4j-1.2.17.jar;C:\Users\vikrant.ambekar\.m2\repository\org\apache\logging\log4j\log4j-api\2.16.0\log4j-api-2.16.0.jar;C:\Users\vikrant.ambekar\.m2\repository\org\apache\logging\log4j\log4j-core\2.16.0\log4j-core-2.16.0.jar;C:\Users\vikrant.ambekar\.m2\repository\org\seleniumhq\selenium\selenium-java\3.141.59\selenium-java-3.141.59.jar;C:\Users\vikrant.ambekar\.m2\repository\org\seleniumhq\selenium\selenium-chrome-driver\3.141.59\selenium-chrome-driver-3.141.59.jar;C:\Users\vikrant.ambekar\.m2\repository\org\seleniumhq\selenium\selenium-edge-driver\3.141.59\selenium-edge-driver-3.141.59.jar;C:\Users\vikrant.ambekar\.m2\repository\org\seleniumhq\selenium\selenium-firefox-driver\3.141.59\selenium-firefox-driver-3.141.59.jar;C:\Users\vikrant.ambekar\.m2\repository\org\seleniumhq\selenium\selenium-ie-driver\3.141.59\selenium-ie-driver-3.141.59.jar;C:\Users\vikrant.ambekar\.m2\repository\org\seleniumhq\selenium\selenium-opera-driver\3.141.59\selenium-opera-driver-3.141.59.jar;C:\Users\vikrant.ambekar\.m2\repository\org\seleniumhq\selenium\selenium-remote-driver\3.141.59\selenium-remote-driver-3.141.59.jar;C:\Users\vikrant.ambekar\.m2\repository\org\seleniumhq\selenium\selenium-safari-driver\3.141.59\selenium-safari-driver-3.141.59.jar;C:\Users\vikrant.ambekar\.m2\repository\net\bytebuddy\byte-buddy\1.8.15\byte-buddy-1.8.15.jar;C:\Users\vikrant.ambekar\.m2\repository\org\apache\commons\commons-exec\1.3\commons-exec-1.3.jar;C:\Users\vikrant.ambekar\.m2\repository\com\google\guava\guava\25.0-jre\guava-25.0-jre.jar;C:\Users\vikrant.ambekar\.m2\repository\com\google\code\findbugs\jsr305\1.3.9\jsr305-1.3.9.jar;C:\Users\vikrant.ambekar\.m2\repository\org\checkerframework\checker-compat-qual\2.0.0\checker-compat-qual-2.0.0.jar;C:\Users\vikrant.ambekar\.m2\repository\com\google\errorprone\error_prone_annotations\2.1.3\error_prone_annotations-2.1.3.jar;C:\Users\vikrant.ambekar\.m2\repository\com\google\j2objc\j2objc-annotations\1.1\j2objc-annotations-1.1.jar;C:\Users\vikrant.ambekar\.m2\repository\org\codehaus\mojo\animal-sniffer-annotations\1.14\animal-sniffer-annotations-1.14.jar;C:\Users\vikrant.ambekar\.m2\repository\com\squareup\okhttp3\okhttp\3.11.0\okhttp-3.11.0.jar;C:\Users\vikrant.ambekar\.m2\repository\com\squareup\okio\okio\1.14.0\okio-1.14.0.jar;C:\Users\vikrant.ambekar\.m2\repository\org\testng\testng\7.4.0\testng-7.4.0.jar;C:\Users\vikrant.ambekar\.m2\repository\com\beust\jcommander\1.78\jcommander-1.78.jar;C:\Users\vikrant.ambekar\.m2\repository\org\webjars\jquery\3.5.1\jquery-3.5.1.jar;"/>
    <property name="sun.cpu.endian" value="little"/>
    <property name="user.home" value="C:\Users\vikrant.ambekar"/>
    <property name="user.language" value="en"/>
    <property name="java.specification.vendor" value="Oracle Corporation"/>
    <property name="java.home" value="C:\Program Files\Java\jdk1.8.0_301\jre"/>
    <property name="basedir" value="C:\Users\vikrant.ambekar\eclipse-workspace\AppiumLatest"/>
    <property name="file.separator" value="\"/>
    <property name="line.separator" value="&#10;"/>
    <property name="java.vm.specification.vendor" value="Oracle Corporation"/>
    <property name="java.specification.name" value="Java Platform API Specification"/>
    <property name="java.awt.graphicsenv" value="sun.awt.Win32GraphicsEnvironment"/>
    <property name="surefire.real.class.path" value="C:\Users\VIKRAN~1.AMB\AppData\Local\Temp\surefire6920078218050627800\surefirebooter9060305435794841438.jar"/>
    <property name="sun.boot.class.path" value="C:\Program Files\Java\jdk1.8.0_301\jre\lib\resources.jar;C:\Program Files\Java\jdk1.8.0_301\jre\lib\rt.jar;C:\Program Files\Java\jdk1.8.0_301\jre\lib\sunrsasign.jar;C:\Program Files\Java\jdk1.8.0_301\jre\lib\jsse.jar;C:\Program Files\Java\jdk1.8.0_301\jre\lib\jce.jar;C:\Program Files\Java\jdk1.8.0_301\jre\lib\charsets.jar;C:\Program Files\Java\jdk1.8.0_301\jre\lib\jfr.jar;C:\Program Files\Java\jdk1.8.0_301\jre\classes"/>
    <property name="user.script" value=""/>
    <property name="sun.management.compiler" value="HotSpot 64-Bit Tiered Compilers"/>
    <property name="java.runtime.version" value="1.8.0_301-b09"/>
    <property name="user.name" value="vikrant.ambekar"/>
    <property name="path.separator" value=";"/>
    <property name="os.version" value="10.0"/>
    <property name="java.endorsed.dirs" value="C:\Program Files\Java\jdk1.8.0_301\jre\lib\endorsed"/>
    <property name="java.runtime.name" value="Java(TM) SE Runtime Environment"/>
    <property name="file.encoding" value="Cp1252"/>
    <property name="java.vm.name" value="Java HotSpot(TM) 64-Bit Server VM"/>
    <property name="localRepository" value="C:\Users\vikrant.ambekar\.m2\repository"/>
    <property name="java.vendor.url.bug" value="http://bugreport.sun.com/bugreport/"/>
    <property name="java.io.tmpdir" value="C:\Users\VIKRAN~1.AMB\AppData\Local\Temp\"/>
    <property name="java.version" value="1.8.0_301"/>
    <property name="user.dir" value="C:\Users\vikrant.ambekar\eclipse-workspace\AppiumLatest"/>
    <property name="os.arch" value="amd64"/>
    <property name="java.vm.specification.name" value="Java Virtual Machine Specification"/>
    <property name="java.awt.printerjob" value="sun.awt.windows.WPrinterJob"/>
    <property name="sun.os.patch.level" value=""/>
    <property name="java.library.path" value="C:\Program Files\Java\jdk1.8.0_301\jre\bin;C:\Windows\Sun\Java\bin;C:\Windows\system32;C:\Windows;C:\Python39\Scripts\;C:\Python39\;C:\Windows\system32;C:\Windows;C:\Windows\System32\Wbem;C:\Windows\System32\WindowsPowerShell\v1.0\;C:\Windows\System32\OpenSSH\;C:\JMeter\bin;C:\Program Files\Java\jdk1.8.0_301\bin;C:\Program Files\PuTTY\;C:\Installation\jdk-15.0.2;C:\Users\vikrant.ambekar\AppData\Local\Programs\Tesseract-OCR\tessdata;C:\kafka\bin\windows;C:\Users\vikrant.ambekar\AppData\Roaming\npm;C:\Program Files\nodejs\;C:\ProgramData\chocolatey\bin;C:\Program Files\dotnet\;C:\Program Files\Microsoft SQL Server\130\Tools\Binn\;C:\Program Files\Microsoft SQL Server\Client SDK\ODBC\170\Tools\Binn\;C:\Users\vikrant.ambekar\Downloads\apache-maven-3.8.3-bin\apache-maven-3.8.3\bin;C:\Users\vikrant.ambekar\Downloads\apache-maven-3.8.3-bin\apache-maven-3.8.3;C:\Program Files\Amazon\AWSCLIV2\;C:\Users\vikrant.ambekar\AppData\Local\Android\Sdk\tools\bin;C:\Users\vikrant.ambekar\AppData\Local\Android\Sdk\platform-tools;C:\Program Files\Java\jdk1.8.0_301;C:\Users\vikrant.ambekar\.android\avd;C:\Users\vikrant.ambekar\AppData\Local\Microsoft\WindowsApps;C:\Users\vikrant.ambekar\AppData\Local\Programs\GitNeW\cmd;C:\Users\vikrant.ambekar\AppData\Local\Programs\Microsoft VS Code\bin;."/>
    <property name="java.vm.info" value="mixed mode"/>
    <property name="java.vendor" value="Oracle Corporation"/>
    <property name="java.vm.version" value="25.301-b09"/>
    <property name="java.ext.dirs" value="C:\Program Files\Java\jdk1.8.0_301\jre\lib\ext;C:\Windows\Sun\Java\lib\ext"/>
    <property name="sun.io.unicode.encoding" value="UnicodeLittle"/>
    <property name="java.class.version" value="52.0"/>
  </properties>
  <testcase name="Test_Locators" classname="AppiumLatest_Testclass.Locators_Test" time="0.347">
    <failure message="An unknown server-side error occurred while processing the command. Original error: &apos;POST /elements&apos; cannot be proxied to UiAutomator2 server because the instrumentation process is not running (probably crashed). Check the server log and/or the logcat output for more details&#10;Build info: version: &apos;3.141.59&apos;, revision: &apos;e82be7d358&apos;, time: &apos;2018-11-14T08:17:03&apos;&#10;System info: host: &apos;PCS-MUM-L183&apos;, ip: &apos;172.20.96.1&apos;, os.name: &apos;Windows 10&apos;, os.arch: &apos;amd64&apos;, os.version: &apos;10.0&apos;, java.version: &apos;1.8.0_301&apos;&#10;Driver info: io.appium.java_client.android.AndroidDriver&#10;Capabilities {app: C:\Users\vikrant.ambekar\ec..., appPackage: io.appium.android.apis, automationName: uiautomator2, databaseEnabled: false, desired: {app: C:\Users\vikrant.ambekar\ec..., automationName: uiautomator2, deviceName: 9635763368000B7, platformName: android}, deviceApiLevel: 31, deviceManufacturer: vivo, deviceModel: I2012, deviceName: 9635763368000B7, deviceScreenDensity: 440, deviceScreenSize: 1080x2400, deviceUDID: 9635763368000B7, javascriptEnabled: true, locationContextEnabled: false, networkConnectionEnabled: true, pixelRatio: 2.75, platform: LINUX, platformName: Android, platformVersion: 12, statBarHeight: 88, takesScreenshot: true, viewportRect: {height: 2115, left: 0, top: 88, width: 1080}, warnings: {}, webStorageEnabled: false}&#10;Session ID: 40fef28a-e27c-40cf-bd6a-bd605d908ba5&#10;*** Element info: {Using=class name, value=android.widget.TextView}" type="org.openqa.selenium.WebDriverException">org.openqa.selenium.WebDriverException: 
An unknown server-side error occurred while processing the command. Original error: 'POST /elements' cannot be proxied to UiAutomator2 server because the instrumentation process is not running (probably crashed). Check the server log and/or the logcat output for more details
Build info: version: '3.141.59', revision: 'e82be7d358', time: '2018-11-14T08:17:03'
System info: host: 'PCS-MUM-L183', ip: '172.20.96.1', os.name: 'Windows 10', os.arch: 'amd64', os.version: '10.0', java.version: '1.8.0_301'
Driver info: io.appium.java_client.android.AndroidDriver
Capabilities {app: C:\Users\vikrant.ambekar\ec..., appPackage: io.appium.android.apis, automationName: uiautomator2, databaseEnabled: false, desired: {app: C:\Users\vikrant.ambekar\ec..., automationName: uiautomator2, deviceName: 9635763368000B7, platformName: android}, deviceApiLevel: 31, deviceManufacturer: vivo, deviceModel: I2012, deviceName: 9635763368000B7, deviceScreenDensity: 440, deviceScreenSize: 1080x2400, deviceUDID: 9635763368000B7, javascriptEnabled: true, locationContextEnabled: false, networkConnectionEnabled: true, pixelRatio: 2.75, platform: LINUX, platformName: Android, platformVersion: 12, statBarHeight: 88, takesScreenshot: true, viewportRect: {height: 2115, left: 0, top: 88, width: 1080}, warnings: {}, webStorageEnabled: false}
Session ID: 40fef28a-e27c-40cf-bd6a-bd605d908ba5
*** Element info: {Using=class name, value=android.widget.TextView}
	at AppiumLatest_Testclass.Locators_Test.Test_Locators(Locators_Test.java:53)
</failure>
    <system-out><![CDATA[0 [main] INFO AppiumLatest_Testclass.Locators_Test  - Initilizaing Driver
I am in Locators Class
11628 [main] INFO AppiumLatest_Testclass.Locators_Test  - Initilizaing Driver
11628 [main] INFO AppiumLatest_Testclass.Locators_Test  - Initilizaing Driver
I am in TouchAction_Prac Class
In Test Method of Test_Locator
24130 [main] INFO AppiumLatest_Testclass.Locators_Test  - Running test_Locatorrs
24130 [main] INFO AppiumLatest_Testclass.Locators_Test  - Running test_Locatorrs
]]></system-out>
    <system-err><![CDATA[Mar 22, 2022 2:55:59 PM io.appium.java_client.remote.AppiumCommandExecutor$1 lambda$0
INFO: Detected dialect: W3C
Mar 22, 2022 2:56:11 PM io.appium.java_client.remote.AppiumCommandExecutor$1 lambda$0
INFO: Detected dialect: W3C
]]></system-err>
  </testcase>
  <testcase name="Test_Locators" classname="AppiumLatest_Testclass.TouchActionPrac_Test" time="13.608"/>
</testsuite>