<?xml version="1.0" encoding="UTF-8"?>
<!-- Generated by org.testng.reporters.JUnitReportReporter -->
<testsuite hostname="PCS-MUM-L183" failures="0" tests="1" name="AppiumLatest.Locators_Test" time="8.382" errors="0" timestamp="2022-03-22T12:21:00 IST" skipped="0">
  <testcase classname="AppiumLatest.Locators_Test" name="Test_Locators" time="8.382"/>
  <system-out/>
</testsuite> <!-- AppiumLatest.Locators_Test -->
