<?xml version="1.0" encoding="UTF-8"?>
<!-- Generated by org.testng.reporters.JUnitReportReporter -->
<testsuite hostname="PCS-MUM-L183" failures="0" tests="1" name="AppiumLatest.AppiumLatest.Locators_Test" time="7.342" errors="0" timestamp="2022-03-22T11:42:27 IST" skipped="0">
  <testcase classname="AppiumLatest.AppiumLatest.Locators_Test" name="Test_Locators" time="7.342"/>
  <system-out/>
</testsuite> <!-- AppiumLatest.AppiumLatest.Locators_Test -->
