<?xml version="1.0" encoding="UTF-8"?>
<!-- Generated by org.testng.reporters.JUnitReportReporter -->
<testsuite hostname="PCS-MUM-L183" failures="0" tests="1" name="AppiumLatest.TouchActionPrac_Test" time="14.038" errors="0" timestamp="2022-03-22T12:23:31 IST" skipped="0">
  <testcase classname="AppiumLatest.TouchActionPrac_Test" name="Test_Locators" time="14.038"/>
  <system-out/>
</testsuite> <!-- AppiumLatest.TouchActionPrac_Test -->
