<?xml version="1.0" encoding="UTF-8"?>
<!-- Generated by org.testng.reporters.JUnitReportReporter -->
<testsuite hostname="PCS-MUM-L183" failures="0" tests="1" name="AppiumLatest_Testclass.Locators_Test" time="7.037" errors="0" timestamp="2022-03-22T14:52:17 IST" skipped="0">
  <testcase classname="AppiumLatest_Testclass.Locators_Test" name="Test_Locators" time="7.037"/>
  <system-out/>
</testsuite> <!-- AppiumLatest_Testclass.Locators_Test -->
