<?xml version="1.0" encoding="UTF-8"?>
<!-- Generated by org.testng.reporters.JUnitReportReporter -->
<testsuite skipped="0" hostname="PCS-MUM-L183" name="AppiumLatest_Testclass.TouchActionPrac_Test" tests="1" failures="0" timestamp="2022-03-22T14:56:26 IST" time="13.571" errors="0">
  <testcase name="Test_Locators" time="13.571" classname="AppiumLatest_Testclass.TouchActionPrac_Test"/>
  <system-out/>
</testsuite> <!-- AppiumLatest_Testclass.TouchActionPrac_Test -->
